<?xml version="1.0" encoding="UTF-8"?>
<!-- Generated by org.testng.reporters.JUnitXMLReporter -->
<testsuite ignored="0" hostname="LAPTOP-SK2I11LG" failures="2" tests="4" name="Validating_Add_and_display_category" time="25.977" errors="0" timestamp="2022-04-27T05:21:00 EDT">
  <testcase classname="com.TestPages.PracticalTest" name="verifyTestPageTitle" time="0.028">
    <failure type="java.lang.AssertionError" message="NSS-TODO List v 1.1 expected [] but found [wrong title]">
      <![CDATA[java.lang.AssertionError: NSS-TODO List v 1.1 expected [] but found [wrong title]
at com.TestPages.PracticalTest.verifyTestPageTitle(PracticalTest.java:17)
at java.base/java.util.ArrayList.forEach(ArrayList.java:1511)
... Removed 32 stack frames]]>
    </failure>
  </testcase> <!-- verifyTestPageTitle -->
  <testcase classname="com.TestPages.PracticalTest" name="verifyTestPageHeader" time="0.07">
    <failure type="java.lang.AssertionError" message="NSS-TODO List v 1.1 expected [NSS-TODO List v 1.1] but found [wrong page]">
      <![CDATA[java.lang.AssertionError: NSS-TODO List v 1.1 expected [NSS-TODO List v 1.1] but found [wrong page]
at com.TestPages.PracticalTest.verifyTestPageHeader(PracticalTest.java:24)
at java.base/java.util.ArrayList.forEach(ArrayList.java:1511)
... Removed 32 stack frames]]>
    </failure>
  </testcase> <!-- verifyTestPageHeader -->
  <testcase classname="com.TestPages.PracticalTest" name="addNewCategory" time="6.486"/>
  <testcase classname="com.TestPages.PracticalTest" name="verifyAddAndDisplayCategory" time="8.417"/>
</testsuite> <!-- Validating_Add_and_display_category -->
