<?xml version="1.0" encoding="UTF-8"?>
<!-- Generated by org.testng.reporters.JUnitXMLReporter -->
<testsuite hostname="LAPTOP-SK2I11LG" ignored="0" name="TC_TestPage_001" tests="1" failures="1" timestamp="2022-04-26T18:42:08 EDT" time="24.434" errors="0">
  <testcase name="addNewCategory" time="10.442" classname="com.TestPages.PracticalTest">
    <failure type="java.lang.NullPointerException">
      <![CDATA[java.lang.NullPointerException
at com.MyPages.TechFiosTestPage.insertAddCategory(TechFiosTestPage.java:52)
at com.TestPages.PracticalTest.addNewCategory(PracticalTest.java:31)
at java.util.ArrayList.forEach(ArrayList.java:1257)
... Removed 27 stack frames]]>
    </failure>
  </testcase> <!-- addNewCategory -->
</testsuite> <!-- TC_TestPage_001 -->
